<?xml version="1.0" encoding="UTF-8"?>
<testng-results skipped="0" failed="0" total="5" passed="5">
  <reporter-output>
  </reporter-output>
  <suite name="com.yahoo.ycsb.db.ElasticsearchClientTest" duration-ms="5503" started-at="2016-05-20T14:04:16Z" finished-at="2016-05-20T14:04:21Z">
    <groups>
    </groups>
    <test name="Command line test" duration-ms="5503" started-at="2016-05-20T14:04:16Z" finished-at="2016-05-20T14:04:21Z">
      <class name="com.yahoo.ycsb.db.ElasticsearchClientTest">
        <test-method status="PASS" signature="setUpClass()" name="setUpClass" is-config="true" duration-ms="4953" started-at="2016-05-20T14:04:16Z" finished-at="2016-05-20T14:04:21Z">
        </test-method>
        <test-method status="PASS" signature="setUp()" name="setUp" is-config="true" duration-ms="198" started-at="2016-05-20T14:04:21Z" finished-at="2016-05-20T14:04:21Z">
        </test-method>
        <test-method status="PASS" signature="testDelete()" name="testDelete" duration-ms="5" started-at="2016-05-20T14:04:21Z" finished-at="2016-05-20T14:04:21Z">
        </test-method>
        <test-method status="PASS" signature="tearDown()" name="tearDown" is-config="true" duration-ms="4" started-at="2016-05-20T14:04:21Z" finished-at="2016-05-20T14:04:21Z">
        </test-method>
        <test-method status="PASS" signature="setUp()" name="setUp" is-config="true" duration-ms="6" started-at="2016-05-20T14:04:21Z" finished-at="2016-05-20T14:04:21Z">
        </test-method>
        <test-method status="PASS" signature="testInsert()" name="testInsert" duration-ms="3" started-at="2016-05-20T14:04:21Z" finished-at="2016-05-20T14:04:21Z">
        </test-method>
        <test-method status="PASS" signature="tearDown()" name="tearDown" is-config="true" duration-ms="2" started-at="2016-05-20T14:04:21Z" finished-at="2016-05-20T14:04:21Z">
        </test-method>
        <test-method status="PASS" signature="setUp()" name="setUp" is-config="true" duration-ms="5" started-at="2016-05-20T14:04:21Z" finished-at="2016-05-20T14:04:21Z">
        </test-method>
        <test-method status="PASS" signature="testRead()" name="testRead" duration-ms="6" started-at="2016-05-20T14:04:21Z" finished-at="2016-05-20T14:04:21Z">
        </test-method>
        <test-method status="PASS" signature="tearDown()" name="tearDown" is-config="true" duration-ms="3" started-at="2016-05-20T14:04:21Z" finished-at="2016-05-20T14:04:21Z">
        </test-method>
        <test-method status="PASS" signature="setUp()" name="setUp" is-config="true" duration-ms="10" started-at="2016-05-20T14:04:21Z" finished-at="2016-05-20T14:04:21Z">
        </test-method>
        <test-method status="PASS" signature="testScan()" name="testScan" duration-ms="71" started-at="2016-05-20T14:04:21Z" finished-at="2016-05-20T14:04:21Z">
        </test-method>
        <test-method status="PASS" signature="tearDown()" name="tearDown" is-config="true" duration-ms="4" started-at="2016-05-20T14:04:21Z" finished-at="2016-05-20T14:04:21Z">
        </test-method>
        <test-method status="PASS" signature="setUp()" name="setUp" is-config="true" duration-ms="10" started-at="2016-05-20T14:04:21Z" finished-at="2016-05-20T14:04:21Z">
        </test-method>
        <test-method status="PASS" signature="testUpdate()" name="testUpdate" duration-ms="8" started-at="2016-05-20T14:04:21Z" finished-at="2016-05-20T14:04:21Z">
        </test-method>
        <test-method status="PASS" signature="tearDown()" name="tearDown" is-config="true" duration-ms="4" started-at="2016-05-20T14:04:21Z" finished-at="2016-05-20T14:04:21Z">
        </test-method>
        <test-method status="PASS" signature="tearDownClass()" name="tearDownClass" is-config="true" duration-ms="199" started-at="2016-05-20T14:04:21Z" finished-at="2016-05-20T14:04:21Z">
        </test-method>
      </class>
    </test>
  </suite>
</testng-results>
